<?xml version="1.0" encoding="utf-8"?><testsuite errors="0" failures="0" name="pytest" skipped="0" tests="2" time="3.660"><testcase classname="tests.test_date_calculator" file="tests/test_date_calculator.py" line="6" name="test_convert_days" time="2.189"></testcase><testcase classname="tests.test_date_calculator" file="tests/test_date_calculator.py" line="15" name="test_validation" time="0.001"></testcase></testsuite>